<?xml version="1.0" encoding="UTF-8"?>
<testsuite name="com.example.demo.SampleWebApplicationTests" tests="1" skipped="0" failures="0" errors="0" timestamp="2025-05-12T00:03:37" hostname="Kodjos-MacBook-Pro-2.local" time="0.823">
  <properties/>
  <testcase name="contextLoads()" classname="com.example.demo.SampleWebApplicationTests" time="0.823"/>
  <system-out><![CDATA[20:03:34.972 [Test worker] DEBUG org.springframework.test.context.BootstrapUtils - Instantiating CacheAwareContextLoaderDelegate from class [org.springframework.test.context.cache.DefaultCacheAwareContextLoaderDelegate]
20:03:34.985 [Test worker] DEBUG org.springframework.test.context.BootstrapUtils - Instantiating BootstrapContext using constructor [public org.springframework.test.context.support.DefaultBootstrapContext(java.lang.Class,org.springframework.test.context.CacheAwareContextLoaderDelegate)]
20:03:35.015 [Test worker] DEBUG org.springframework.test.context.BootstrapUtils - Instantiating TestContextBootstrapper for test class [com.example.demo.SampleWebApplicationTests] from class [org.springframework.boot.test.context.SpringBootTestContextBootstrapper]
20:03:35.026 [Test worker] INFO org.springframework.boot.test.context.SpringBootTestContextBootstrapper - Neither @ContextConfiguration nor @ContextHierarchy found for test class [com.example.demo.SampleWebApplicationTests], using SpringBootContextLoader
20:03:35.028 [Test worker] DEBUG org.springframework.test.context.support.AbstractContextLoader - Did not detect default resource location for test class [com.example.demo.SampleWebApplicationTests]: class path resource [com/example/demo/SampleWebApplicationTests-context.xml] does not exist
20:03:35.029 [Test worker] DEBUG org.springframework.test.context.support.AbstractContextLoader - Did not detect default resource location for test class [com.example.demo.SampleWebApplicationTests]: class path resource [com/example/demo/SampleWebApplicationTestsContext.groovy] does not exist
20:03:35.029 [Test worker] INFO org.springframework.test.context.support.AbstractContextLoader - Could not detect default resource locations for test class [com.example.demo.SampleWebApplicationTests]: no resource found for suffixes {-context.xml, Context.groovy}.
20:03:35.029 [Test worker] INFO org.springframework.test.context.support.AnnotationConfigContextLoaderUtils - Could not detect default configuration classes for test class [com.example.demo.SampleWebApplicationTests]: SampleWebApplicationTests does not declare any static, non-private, non-final, nested classes annotated with @Configuration.
20:03:35.075 [Test worker] DEBUG org.springframework.test.context.support.ActiveProfilesUtils - Could not find an 'annotation declaring class' for annotation type [org.springframework.test.context.ActiveProfiles] and class [com.example.demo.SampleWebApplicationTests]
20:03:35.130 [Test worker] DEBUG org.springframework.context.annotation.ClassPathScanningCandidateComponentProvider - Identified candidate component class: file [/Users/kodjoazimevi/Documents/java_gradle_app/build/classes/java/main/com/example/demo/SampleWebApplication.class]
20:03:35.131 [Test worker] INFO org.springframework.boot.test.context.SpringBootTestContextBootstrapper - Found @SpringBootConfiguration com.example.demo.SampleWebApplication for test class com.example.demo.SampleWebApplicationTests
20:03:35.205 [Test worker] DEBUG org.springframework.boot.test.context.SpringBootTestContextBootstrapper - @TestExecutionListeners is not present for class [com.example.demo.SampleWebApplicationTests]: using defaults.
20:03:35.205 [Test worker] INFO org.springframework.boot.test.context.SpringBootTestContextBootstrapper - Loaded default TestExecutionListener class names from location [META-INF/spring.factories]: [org.springframework.boot.test.autoconfigure.restdocs.RestDocsTestExecutionListener, org.springframework.boot.test.autoconfigure.web.client.MockRestServiceServerResetTestExecutionListener, org.springframework.boot.test.autoconfigure.web.servlet.MockMvcPrintOnlyOnFailureTestExecutionListener, org.springframework.boot.test.autoconfigure.web.servlet.WebDriverTestExecutionListener, org.springframework.boot.test.autoconfigure.webservices.client.MockWebServiceServerTestExecutionListener, org.springframework.boot.test.mock.mockito.MockitoTestExecutionListener, org.springframework.boot.test.mock.mockito.ResetMocksTestExecutionListener, org.springframework.test.context.web.ServletTestExecutionListener, org.springframework.test.context.support.DirtiesContextBeforeModesTestExecutionListener, org.springframework.test.context.event.ApplicationEventsTestExecutionListener, org.springframework.test.context.support.DependencyInjectionTestExecutionListener, org.springframework.test.context.support.DirtiesContextTestExecutionListener, org.springframework.test.context.transaction.TransactionalTestExecutionListener, org.springframework.test.context.jdbc.SqlScriptsTestExecutionListener, org.springframework.test.context.event.EventPublishingTestExecutionListener]
20:03:35.216 [Test worker] DEBUG org.springframework.boot.test.context.SpringBootTestContextBootstrapper - Skipping candidate TestExecutionListener [org.springframework.test.context.transaction.TransactionalTestExecutionListener] due to a missing dependency. Specify custom listener classes or make the default listener classes and their required dependencies available. Offending class: [org/springframework/transaction/interceptor/TransactionAttributeSource]
20:03:35.217 [Test worker] DEBUG org.springframework.boot.test.context.SpringBootTestContextBootstrapper - Skipping candidate TestExecutionListener [org.springframework.test.context.jdbc.SqlScriptsTestExecutionListener] due to a missing dependency. Specify custom listener classes or make the default listener classes and their required dependencies available. Offending class: [org/springframework/transaction/interceptor/TransactionAttribute]
20:03:35.218 [Test worker] INFO org.springframework.boot.test.context.SpringBootTestContextBootstrapper - Using TestExecutionListeners: [org.springframework.test.context.web.ServletTestExecutionListener@75390459, org.springframework.test.context.support.DirtiesContextBeforeModesTestExecutionListener@7756c3cd, org.springframework.test.context.event.ApplicationEventsTestExecutionListener@2313052e, org.springframework.boot.test.mock.mockito.MockitoTestExecutionListener@2bd2b28e, org.springframework.boot.test.autoconfigure.SpringBootDependencyInjectionTestExecutionListener@16746061, org.springframework.test.context.support.DirtiesContextTestExecutionListener@57fd91c9, org.springframework.test.context.event.EventPublishingTestExecutionListener@6cfcd46d, org.springframework.boot.test.autoconfigure.restdocs.RestDocsTestExecutionListener@52045dbe, org.springframework.boot.test.autoconfigure.web.client.MockRestServiceServerResetTestExecutionListener@674658f7, org.springframework.boot.test.autoconfigure.web.servlet.MockMvcPrintOnlyOnFailureTestExecutionListener@5c8eee0f, org.springframework.boot.test.autoconfigure.web.servlet.WebDriverTestExecutionListener@565b064f, org.springframework.boot.test.autoconfigure.webservices.client.MockWebServiceServerTestExecutionListener@26425897, org.springframework.boot.test.mock.mockito.ResetMocksTestExecutionListener@73163d48]
20:03:35.220 [Test worker] DEBUG org.springframework.test.context.support.AbstractDirtiesContextTestExecutionListener - Before test class: context [DefaultTestContext@328cf0e1 testClass = SampleWebApplicationTests, testInstance = [null], testMethod = [null], testException = [null], mergedContextConfiguration = [WebMergedContextConfiguration@63b1d4fa testClass = SampleWebApplicationTests, locations = '{}', classes = '{class com.example.demo.SampleWebApplication}', contextInitializerClasses = '[]', activeProfiles = '{}', propertySourceLocations = '{}', propertySourceProperties = '{org.springframework.boot.test.context.SpringBootTestContextBootstrapper=true}', contextCustomizers = set[org.springframework.boot.test.autoconfigure.actuate.metrics.MetricsExportContextCustomizerFactory$DisableMetricExportContextCustomizer@7fcf2fc1, org.springframework.boot.test.autoconfigure.properties.PropertyMappingContextCustomizer@0, org.springframework.boot.test.autoconfigure.web.servlet.WebDriverContextCustomizerFactory$Customizer@119cbf96, org.springframework.boot.test.context.filter.ExcludeFilterContextCustomizer@455b6df1, org.springframework.boot.test.json.DuplicateJsonObjectContextCustomizerFactory$DuplicateJsonObjectContextCustomizer@1ab06251, org.springframework.boot.test.mock.mockito.MockitoContextCustomizer@0, org.springframework.boot.test.web.client.TestRestTemplateContextCustomizer@95e33cc, org.springframework.boot.test.context.SpringBootTestArgs@1, org.springframework.boot.test.context.SpringBootTestWebEnvironment@158a8276], resourceBasePath = 'src/main/webapp', contextLoader = 'org.springframework.boot.test.context.SpringBootContextLoader', parent = [null]], attributes = map['org.springframework.test.context.web.ServletTestExecutionListener.activateListener' -> true]], class annotated with @DirtiesContext [false] with mode [null].
20:03:35.249 [Test worker] DEBUG org.springframework.test.context.support.TestPropertySourceUtils - Adding inlined properties to environment: {spring.jmx.enabled=false, org.springframework.boot.test.context.SpringBootTestContextBootstrapper=true}

  .   ____          _            __ _ _
 /\\ / ___'_ __ _ _(_)_ __  __ _ \ \ \ \
( ( )\___ | '_ | '_| | '_ \/ _` | \ \ \ \
 \\/  ___)| |_)| | | | | || (_| |  ) ) ) )
  '  |____| .__|_| |_|_| |_\__, | / / / /
 =========|_|==============|___/=/_/_/_/
 :: Spring Boot ::                (v2.5.4)

2025-05-11 20:03:35.516  INFO 33886 --- [    Test worker] c.e.demo.SampleWebApplicationTests       : Starting SampleWebApplicationTests using Java 17.0.15 on Kodjos-MacBook-Pro-2.local with PID 33886 (started by kodjoazimevi in /Users/kodjoazimevi/Documents/java_gradle_app)
2025-05-11 20:03:35.520  INFO 33886 --- [    Test worker] c.e.demo.SampleWebApplicationTests       : No active profile set, falling back to default profiles: default
2025-05-11 20:03:36.971  INFO 33886 --- [    Test worker] o.s.b.a.w.s.WelcomePageHandlerMapping    : Adding welcome page template: index
2025-05-11 20:03:37.202  INFO 33886 --- [    Test worker] c.e.demo.SampleWebApplicationTests       : Started SampleWebApplicationTests in 1.946 seconds (JVM running for 3.186)
]]></system-out>
  <system-err><![CDATA[]]></system-err>
</testsuite>
